# JRE version: Java(TM) SE Runtime Environment 18.9 (11.0.10+8) (build 11.0.10+8-LTS-162)
# Java VM: Java HotSpot(TM) 64-Bit Server VM 18.9 (11.0.10+8-LTS-162, mixed mode, tiered, compressed oops, g1 gc, windows-amd64)
Heap:
 garbage-first heap   total 262144K, used 154348K [0x00000000e0000000, 0x0000000100000000)
  region size 1024K, 99 young (101376K), 20 survivors (20480K)
 Metaspace       used 40516K, capacity 41502K, committed 41676K, reserved 290816K
  class space    used 5213K, capacity 5576K, committed 5580K, reserved 253952K
GC Heap History (10 events):
Event: 3.176 GC heap before
{Heap before GC invocations=3 (full 0):
 garbage-first heap   total 262144K, used 56158K [0x00000000e0000000, 0x0000000100000000)
  region size 1024K, 46 young (47104K), 4 survivors (4096K)
 Metaspace       used 18966K, capacity 19475K, committed 19584K, reserved 272384K
  class space    used 2274K, capacity 2408K, committed 2432K, reserved 253952K
}
Event: 3.184 GC heap after
{Heap after GC invocations=4 (full 0):
 garbage-first heap   total 262144K, used 15898K [0x00000000e0000000, 0x0000000100000000)
  region size 1024K, 3 young (3072K), 3 survivors (3072K)
 Metaspace       used 18966K, capacity 19475K, committed 19584K, reserved 272384K
  class space    used 2274K, capacity 2408K, committed 2432K, reserved 253952K
}
Event: 3.328 GC heap before
{Heap before GC invocations=4 (full 0):
 garbage-first heap   total 262144K, used 27162K [0x00000000e0000000, 0x0000000100000000)
  region size 1024K, 16 young (16384K), 3 survivors (3072K)
 Metaspace       used 20545K, capacity 21071K, committed 21248K, reserved 272384K
  class space    used 2493K, capacity 2690K, committed 2816K, reserved 253952K
}
Event: 3.333 GC heap after
{Heap after GC invocations=5 (full 0):
 garbage-first heap   total 262144K, used 16269K [0x00000000e0000000, 0x0000000100000000)
  region size 1024K, 4 young (4096K), 4 survivors (4096K)
 Metaspace       used 20545K, capacity 21071K, committed 21248K, reserved 272384K
  class space    used 2493K, capacity 2690K, committed 2816K, reserved 253952K
}
Event: 4.225 GC heap before
{Heap before GC invocations=6 (full 0):
 garbage-first heap   total 262144K, used 85901K [0x00000000e0000000, 0x0000000100000000)
  region size 1024K, 60 young (61440K), 4 survivors (4096K)
 Metaspace       used 26185K, capacity 27004K, committed 27264K, reserved 278528K
  class space    used 3422K, capacity 3706K, committed 3712K, reserved 253952K
}
Event: 4.236 GC heap after
{Heap after GC invocations=7 (full 0):
 garbage-first heap   total 262144K, used 33682K [0x00000000e0000000, 0x0000000100000000)
  region size 1024K, 8 young (8192K), 8 survivors (8192K)
 Metaspace       used 26185K, capacity 27004K, committed 27264K, reserved 278528K
  class space    used 3422K, capacity 3706K, committed 3712K, reserved 253952K
}
Event: 5.160 GC heap before
{Heap before GC invocations=7 (full 0):
 garbage-first heap   total 262144K, used 91026K [0x00000000e0000000, 0x0000000100000000)
  region size 1024K, 65 young (66560K), 8 survivors (8192K)
 Metaspace       used 34939K, capacity 35790K, committed 35840K, reserved 286720K
  class space    used 4531K, capacity 4860K, committed 4864K, reserved 253952K
}
Event: 5.180 GC heap after
{Heap after GC invocations=8 (full 0):
 garbage-first heap   total 262144K, used 37086K [0x00000000e0000000, 0x0000000100000000)
  region size 1024K, 11 young (11264K), 11 survivors (11264K)
 Metaspace       used 34939K, capacity 35790K, committed 35840K, reserved 286720K
  class space    used 4531K, capacity 4860K, committed 4864K, reserved 253952K
}
Event: 6.616 GC heap before
{Heap before GC invocations=9 (full 0):
 garbage-first heap   total 262144K, used 188638K [0x00000000e0000000, 0x0000000100000000)
  region size 1024K, 153 young (156672K), 11 survivors (11264K)
 Metaspace       used 40499K, capacity 41438K, committed 41676K, reserved 290816K
  class space    used 5210K, capacity 5576K, committed 5580K, reserved 253952K
}
Event: 6.653 GC heap after
{Heap after GC invocations=10 (full 0):
 garbage-first heap   total 262144K, used 74476K [0x00000000e0000000, 0x0000000100000000)
  region size 1024K, 20 young (20480K), 20 survivors (20480K)
 Metaspace       used 40499K, capacity 41438K, committed 41676K, reserved 290816K
  class space    used 5210K, capacity 5576K, committed 5580K, reserved 253952K
}

