# JRE version: Java(TM) SE Runtime Environment 18.9 (11.0.10+8) (build 11.0.10+8-LTS-162)
# Java VM: Java HotSpot(TM) 64-Bit Server VM 18.9 (11.0.10+8-LTS-162, mixed mode, tiered, compressed oops, g1 gc, windows-amd64)
Heap:
 garbage-first heap   total 157696K, used 89234K [0x0000000081400000, 0x0000000100000000)
  region size 1024K, 84 young (86016K), 8 survivors (8192K)
 Metaspace       used 40553K, capacity 41695K, committed 41800K, reserved 1085440K
  class space    used 4878K, capacity 5365K, committed 5376K, reserved 1048576K
GC Heap History (10 events):
Event: 1.114 GC heap before
{Heap before GC invocations=1 (full 0):
 garbage-first heap   total 131072K, used 11709K [0x0000000081400000, 0x0000000100000000)
  region size 1024K, 9 young (9216K), 2 survivors (2048K)
 Metaspace       used 11707K, capacity 12026K, committed 12288K, reserved 1060864K
  class space    used 1160K, capacity 1252K, committed 1280K, reserved 1048576K
}
Event: 1.118 GC heap after
{Heap after GC invocations=2 (full 0):
 garbage-first heap   total 131072K, used 5074K [0x0000000081400000, 0x0000000100000000)
  region size 1024K, 1 young (1024K), 1 survivors (1024K)
 Metaspace       used 11707K, capacity 12026K, committed 12288K, reserved 1060864K
  class space    used 1160K, capacity 1252K, committed 1280K, reserved 1048576K
}
Event: 1.931 GC heap before
{Heap before GC invocations=2 (full 0):
 garbage-first heap   total 131072K, used 29650K [0x0000000081400000, 0x0000000100000000)
  region size 1024K, 25 young (25600K), 1 survivors (1024K)
 Metaspace       used 17855K, capacity 18329K, committed 18560K, reserved 1064960K
  class space    used 1942K, capacity 2152K, committed 2176K, reserved 1048576K
}
Event: 1.935 GC heap after
{Heap after GC invocations=3 (full 0):
 garbage-first heap   total 131072K, used 6464K [0x0000000081400000, 0x0000000100000000)
  region size 1024K, 2 young (2048K), 2 survivors (2048K)
 Metaspace       used 17855K, capacity 18329K, committed 18560K, reserved 1064960K
  class space    used 1942K, capacity 2152K, committed 2176K, reserved 1048576K
}
Event: 2.201 GC heap before
{Heap before GC invocations=3 (full 0):
 garbage-first heap   total 131072K, used 17728K [0x0000000081400000, 0x0000000100000000)
  region size 1024K, 15 young (15360K), 2 survivors (2048K)
 Metaspace       used 20595K, capacity 21130K, committed 21296K, reserved 1069056K
  class space    used 2230K, capacity 2403K, committed 2432K, reserved 1048576K
}
Event: 2.206 GC heap after
{Heap after GC invocations=4 (full 0):
 garbage-first heap   total 131072K, used 6912K [0x0000000081400000, 0x0000000100000000)
  region size 1024K, 3 young (3072K), 3 survivors (3072K)
 Metaspace       used 20595K, capacity 21130K, committed 21296K, reserved 1069056K
  class space    used 2230K, capacity 2403K, committed 2432K, reserved 1048576K
}
Event: 3.068 GC heap before
{Heap before GC invocations=5 (full 0):
 garbage-first heap   total 131072K, used 44800K [0x0000000081400000, 0x0000000100000000)
  region size 1024K, 41 young (41984K), 3 survivors (3072K)
 Metaspace       used 25333K, capacity 26018K, committed 26160K, reserved 1073152K
  class space    used 2825K, capacity 3115K, committed 3200K, reserved 1048576K
}
Event: 3.077 GC heap after
{Heap after GC invocations=6 (full 0):
 garbage-first heap   total 131072K, used 8916K [0x0000000081400000, 0x0000000100000000)
  region size 1024K, 5 young (5120K), 5 survivors (5120K)
 Metaspace       used 25333K, capacity 26018K, committed 26160K, reserved 1073152K
  class space    used 2825K, capacity 3115K, committed 3200K, reserved 1048576K
}
Event: 5.512 GC heap before
{Heap before GC invocations=6 (full 0):
 garbage-first heap   total 131072K, used 64212K [0x0000000081400000, 0x0000000100000000)
  region size 1024K, 60 young (61440K), 5 survivors (5120K)
 Metaspace       used 34676K, capacity 35574K, committed 35708K, reserved 1081344K
  class space    used 3976K, capacity 4352K, committed 4352K, reserved 1048576K
}
Event: 5.530 GC heap after
{Heap after GC invocations=7 (full 0):
 garbage-first heap   total 157696K, used 12434K [0x0000000081400000, 0x0000000100000000)
  region size 1024K, 8 young (8192K), 8 survivors (8192K)
 Metaspace       used 34676K, capacity 35574K, committed 35708K, reserved 1081344K
  class space    used 3976K, capacity 4352K, committed 4352K, reserved 1048576K
}

